[21:01:37] [main/INFO]: Loading Minecraft 1.20.1 with Fabric Loader 0.18.2
[21:01:37] [ForkJoinPool-1-worker-1/WARN]: Mod mr_dungeons_andtaverns uses the version 3.0.3.f which isn't compatible with Loader's extended semantic version format (Could not parse version number component 'f'!), SemVer is recommended for reliably evaluating dependencies and prioritizing newer version
[21:01:38] [main/WARN]: Warnings were found!
 - Mod 'Cardinal Components API (world saves)' (cardinal-components-level) 5.2.2 recommends any version of cardinal-components-world, which is missing!
	 - You should install any version of cardinal-components-world for the optimal experience.
 - Mod 'SimplySkills' (simplyskills) 1.7.2+1.20.1 recommends version 1.55.0-1.20.1 or later of simplyswords, which is missing!
	 - You should install version 1.55.0-1.20.1 or later of simplyswords for the optimal experience.
 - Mod 'SimplySkills' (simplyskills) 1.7.2+1.20.1 recommends version 1.4.2+1.20.1 or later of amethyst_core, which is missing!
	 - You should install version 1.4.2+1.20.1 or later of amethyst_core for the optimal experience.
[21:01:38] [main/INFO]: Loading 109 mods:
	- archers 1.3.0+1.20.1
	   |-- com_github_zsoltmolnarrr_tinyconfig 2.3.2
	   \-- structure_pool_api 1.0+1.20.1
	- architectury 9.2.14
	- azurelib 3.1.3
	- azurelibarmor 2.0.14
	- cloth-config 11.1.136
	   \-- cloth-basic-math 0.6.1
	- cupboard 1.20.1-3.5
	- darkmobs 1.1.9
	- data_attributes 2.0.3+1.20.1-fabric
	   |-- io_wispforest_endec 0.1.7
	   \-- io_wispforest_endec_netty 0.1.3
	- death_knights 1.0.0
	- eternal_attributes 1.0.0
	- extraspellattributes 1.3.2
	- fabric-api 0.92.7+1.20.1
	   |-- fabric-api-base 0.4.32+1802ada577
	   |-- fabric-api-lookup-api-v1 1.6.37+1802ada577
	   |-- fabric-biome-api-v1 13.0.15+93aa238b77
	   |-- fabric-block-api-v1 1.0.12+1802ada577
	   |-- fabric-block-view-api-v2 1.0.3+924f046a77
	   |-- fabric-blockrenderlayer-v1 1.1.42+1802ada577
	   |-- fabric-client-tags-api-v1 1.1.3+1802ada577
	   |-- fabric-command-api-v1 1.2.35+f71b366f77
	   |-- fabric-command-api-v2 2.2.14+1802ada577
	   |-- fabric-commands-v0 0.2.52+df3654b377
	   |-- fabric-containers-v0 0.1.67+df3654b377
	   |-- fabric-content-registries-v0 4.0.13+1802ada577
	   |-- fabric-convention-tags-v1 1.5.6+1802ada577
	   |-- fabric-crash-report-info-v1 0.2.20+1802ada577
	   |-- fabric-data-attachment-api-v1 1.0.2+de0fd6d177
	   |-- fabric-data-generation-api-v1 12.3.7+1802ada577
	   |-- fabric-dimensions-v1 2.1.55+1802ada577
	   |-- fabric-entity-events-v1 1.6.1+1c78457f77
	   |-- fabric-events-interaction-v0 0.6.5+13a40c6677
	   |-- fabric-events-lifecycle-v0 0.2.64+df3654b377
	   |-- fabric-game-rule-api-v1 1.0.41+1802ada577
	   |-- fabric-item-api-v1 2.1.29+1802ada577
	   |-- fabric-item-group-api-v1 4.0.14+1802ada577
	   |-- fabric-key-binding-api-v1 1.0.38+1802ada577
	   |-- fabric-keybindings-v0 0.2.36+df3654b377
	   |-- fabric-lifecycle-events-v1 2.2.23+1802ada577
	   |-- fabric-loot-api-v2 1.2.3+1802ada577
	   |-- fabric-loot-tables-v1 1.1.47+9e7660c677
	   |-- fabric-message-api-v1 5.1.10+1802ada577
	   |-- fabric-mining-level-api-v1 2.1.52+1802ada577
	   |-- fabric-model-loading-api-v1 1.0.4+1802ada577
	   |-- fabric-models-v0 0.4.3+9386d8a777
	   |-- fabric-networking-api-v1 1.3.14+a158aa0477
	   |-- fabric-networking-v0 0.3.54+df3654b377
	   |-- fabric-object-builder-api-v1 11.1.5+e35120df77
	   |-- fabric-particles-v1 1.1.3+1802ada577
	   |-- fabric-recipe-api-v1 1.0.24+1802ada577
	   |-- fabric-registry-sync-v0 2.3.6+1802ada577
	   |-- fabric-renderer-api-v1 3.2.2+1802ada577
	   |-- fabric-renderer-indigo 1.5.3+85287f9f77
	   |-- fabric-renderer-registries-v1 3.2.47+df3654b377
	   |-- fabric-rendering-data-attachment-v1 0.3.39+92a0d36777
	   |-- fabric-rendering-fluids-v1 3.0.29+1802ada577
	   |-- fabric-rendering-v0 1.1.50+df3654b377
	   |-- fabric-rendering-v1 3.0.9+1802ada577
	   |-- fabric-resource-conditions-api-v1 2.3.9+1802ada577
	   |-- fabric-resource-loader-v0 0.11.12+fb82e9d777
	   |-- fabric-screen-api-v1 2.0.9+1802ada577
	   |-- fabric-screen-handler-api-v1 1.3.33+1802ada577
	   |-- fabric-sound-api-v1 1.0.14+1802ada577
	   |-- fabric-transfer-api-v1 3.3.6+8dd72ea377
	   \-- fabric-transitive-access-wideners-v1 4.3.2+1802ada577
	- fabric-language-kotlin 1.13.9+kotlin.2.3.10
	   |-- org_jetbrains_kotlin_kotlin-reflect 2.3.10
	   |-- org_jetbrains_kotlin_kotlin-stdlib 2.3.10
	   |-- org_jetbrains_kotlin_kotlin-stdlib-jdk7 2.3.10
	   |-- org_jetbrains_kotlin_kotlin-stdlib-jdk8 2.3.10
	   |-- org_jetbrains_kotlinx_atomicfu-jvm 0.31.0
	   |-- org_jetbrains_kotlinx_kotlinx-coroutines-core-jvm 1.10.2
	   |-- org_jetbrains_kotlinx_kotlinx-coroutines-jdk8 1.10.2
	   |-- org_jetbrains_kotlinx_kotlinx-datetime-jvm 0.7.1
	   |-- org_jetbrains_kotlinx_kotlinx-io-bytestring-jvm 0.8.2
	   |-- org_jetbrains_kotlinx_kotlinx-io-core-jvm 0.8.2
	   |-- org_jetbrains_kotlinx_kotlinx-serialization-cbor-jvm 1.10.0
	   |-- org_jetbrains_kotlinx_kotlinx-serialization-core-jvm 1.10.0
	   \-- org_jetbrains_kotlinx_kotlinx-serialization-json-jvm 1.10.0
	- fabricloader 0.18.2
	   \-- mixinextras 0.5.0
	- jade 11.13.1+fabric
	- java 17
	- jei 15.20.0.112
	- magistuarmory 10.11
	- minecraft 1.20.1
	- mr_dungeons_andtaverns 3.0.3.f
	- necronomicon 1.6.0
	- owo 0.11.2+1.20
	   \-- blue_endless_jankson 1.2.2
	- paladins 1.4.0+1.20.1
	   |-- com_github_zsoltmolnarrr_tinyconfig 2.3.2
	   \-- structure_pool_api 1.0+1.20.1
	- player-animator 1.0.2-rc1+1.20
	- playerex 4.0.5+1.20.1
	   |-- additionalentityattributes 1.7.4+1.20.0
	   |-- cardinal-components-base 5.2.2
	   |-- cardinal-components-chunk 5.2.2
	   |-- cardinal-components-entity 5.2.2
	   |-- cardinal-components-level 5.2.2
	   |-- io_wispforest_endec 0.1.7
	   |-- io_wispforest_endec_gson 0.1.4
	   |-- io_wispforest_endec_netty 0.1.3
	   |-- net_objecthunter_exp4j 0.4.8
	   |-- opc 2.0.0+1.20.1-beta.4
	   \-- placeholder-api 2.1.1+1.20
	- puffish_attributes 0.8.2
	- puffish_skills 0.17.3
	- ranged_weapon_api 1.1.4+1.20.1
	- rogues 1.2.0+1.20.1
	   |-- com_github_zsoltmolnarrr_tinyconfig 2.3.2
	   \-- structure_pool_api 1.0+1.20.1
	- runes 0.9.13+1.20.1
	- shield_api 1.0.1+1.20.1
	- simplyskills 1.7.2+1.20.1
	- spell_engine 0.15.12+1.20.1
	   \-- com_github_zsoltmolnarrr_tinyconfig 2.3.2
	- spell_power 0.12.0+1.20.1
	   \-- com_github_zsoltmolnarrr_tinyconfig 2.3.2
	- structureessentials 1.20.1-4.8
	- terralith 2.5.4
	- trinkets 3.7.2
	- wizards 1.4.1+1.20.1
	   |-- com_github_zsoltmolnarrr_tinyconfig 2.3.2
	   \-- structure_pool_api 1.0+1.20.1
	- xaerominimap 25.3.7
	   \-- xaerolib 1.1.0
	- xaeroworldmap 1.40.6
[21:01:38] [main/INFO]: SpongePowered MIXIN Subsystem Version=0.8.7 Source=file:/workspaces/MedioMetro/servidor_minecraft/libraries/net/fabricmc/sponge-mixin/0.16.5+mixin.0.8.7/sponge-mixin-0.16.5+mixin.0.8.7.jar Service=Knot/Fabric Env=SERVER
[21:01:38] [main/INFO]: Compatibility level set to JAVA_17
[21:01:38] [main/WARN]: Reference map 'puffish_attributes-refmap.json' for puffish_attributes.mixins.json could not be read. If this is a development environment you can ignore this message
[21:01:38] [main/WARN]: Error loading class: fr/catcore/server/translations/api/resource/language/SystemDelegatedLanguage (java.lang.ClassNotFoundException: fr/catcore/server/translations/api/resource/language/SystemDelegatedLanguage)
[21:01:38] [main/INFO]: Loaded config for: structureessentials.json
[21:01:39] [main/INFO]: Initializing MixinExtras via com.llamalad7.mixinextras.service.MixinExtrasServiceImpl(version=0.5.0).
[21:01:42] [main/WARN]: Mixin apply for mod necronomicon failed necronomicon-common.mixins.json:item.AnimatedItemNameMixin from mod necronomicon -> net.minecraft.class_1799: org.spongepowered.asm.mixin.injection.throwables.InvalidInjectionException Critical injection failure: @Inject annotation on getName could not find any targets matching 'getHoverName' in net/minecraft/class_1799. No refMap loaded. [handler$zmn000$necronomicon$getName(Lorg/spongepowered/asm/mixin/injection/callback/CallbackInfoReturnable;)V -> Parse ->  -> Validate Targets]
org.spongepowered.asm.mixin.injection.throwables.InvalidInjectionException: Critical injection failure: @Inject annotation on getName could not find any targets matching 'getHoverName' in net/minecraft/class_1799. No refMap loaded. [handler$zmn000$necronomicon$getName(Lorg/spongepowered/asm/mixin/injection/callback/CallbackInfoReturnable;)V -> Parse ->  -> Validate Targets]
	at org.spongepowered.asm.mixin.injection.selectors.TargetSelectors.validate(TargetSelectors.java:346) ~[sponge-mixin-0.16.5+mixin.0.8.7.jar:0.16.5+mixin.0.8.7]
	at org.spongepowered.asm.mixin.injection.struct.InjectionInfo.readAnnotation(InjectionInfo.java:369) ~[sponge-mixin-0.16.5+mixin.0.8.7.jar:0.16.5+mixin.0.8.7]
	at org.spongepowered.asm.mixin.injection.struct.InjectionInfo.<init>(InjectionInfo.java:340) ~[sponge-mixin-0.16.5+mixin.0.8.7.jar:0.16.5+mixin.0.8.7]
	at org.spongepowered.asm.mixin.injection.struct.InjectionInfo.<init>(InjectionInfo.java:331) ~[sponge-mixin-0.16.5+mixin.0.8.7.jar:0.16.5+mixin.0.8.7]
	at org.spongepowered.asm.mixin.injection.struct.CallbackInjectionInfo.<init>(CallbackInjectionInfo.java:48) ~[sponge-mixin-0.16.5+mixin.0.8.7.jar:0.16.5+mixin.0.8.7]
	at jdk.internal.reflect.GeneratedConstructorAccessor20.newInstance(Unknown Source) ~[?:?]
	at jdk.internal.reflect.DelegatingConstructorAccessorImpl.newInstance(DelegatingConstructorAccessorImpl.java:45) ~[?:?]
	at java.lang.reflect.Constructor.newInstanceWithCaller(Constructor.java:500) ~[?:?]
	at java.lang.reflect.Constructor.newInstance(Constructor.java:481) ~[?:?]
	at org.spongepowered.asm.mixin.injection.struct.InjectionInfo$InjectorEntry.create(InjectionInfo.java:196) ~[sponge-mixin-0.16.5+mixin.0.8.7.jar:0.16.5+mixin.0.8.7]
	at org.spongepowered.asm.mixin.injection.struct.InjectionInfo.parse(InjectionInfo.java:664) ~[sponge-mixin-0.16.5+mixin.0.8.7.jar:0.16.5+mixin.0.8.7]
	at org.spongepowered.asm.mixin.transformer.MixinTargetContext.prepareInjections(MixinTargetContext.java:1399) ~[sponge-mixin-0.16.5+mixin.0.8.7.jar:0.16.5+mixin.0.8.7]
	at org.spongepowered.asm.mixin.transformer.MixinApplicatorStandard.prepareInjections(MixinApplicatorStandard.java:731) ~[sponge-mixin-0.16.5+mixin.0.8.7.jar:0.16.5+mixin.0.8.7]
	at org.spongepowered.asm.mixin.transformer.MixinApplicatorStandard.applyMixin(MixinApplicatorStandard.java:315) ~[sponge-mixin-0.16.5+mixin.0.8.7.jar:0.16.5+mixin.0.8.7]
	at org.spongepowered.asm.mixin.transformer.MixinApplicatorStandard.apply(MixinApplicatorStandard.java:246) ~[sponge-mixin-0.16.5+mixin.0.8.7.jar:0.16.5+mixin.0.8.7]
	at org.spongepowered.asm.mixin.transformer.TargetClassContext.apply(TargetClassContext.java:437) ~[sponge-mixin-0.16.5+mixin.0.8.7.jar:0.16.5+mixin.0.8.7]
	at org.spongepowered.asm.mixin.transformer.TargetClassContext.applyMixins(TargetClassContext.java:418) ~[sponge-mixin-0.16.5+mixin.0.8.7.jar:0.16.5+mixin.0.8.7]
	at org.spongepowered.asm.mixin.transformer.MixinProcessor.applyMixins(MixinProcessor.java:352) ~[sponge-mixin-0.16.5+mixin.0.8.7.jar:0.16.5+mixin.0.8.7]
	at org.spongepowered.asm.mixin.transformer.MixinTransformer.transformClass(MixinTransformer.java:237) ~[sponge-mixin-0.16.5+mixin.0.8.7.jar:0.16.5+mixin.0.8.7]
	at org.spongepowered.asm.mixin.transformer.MixinTransformer.transformClassBytes(MixinTransformer.java:202) ~[sponge-mixin-0.16.5+mixin.0.8.7.jar:0.16.5+mixin.0.8.7]
	at net.fabricmc.loader.impl.launch.knot.KnotClassDelegate.getPostMixinClassByteArray(KnotClassDelegate.java:435) ~[fabric-loader-0.18.2.jar:?]
	at net.fabricmc.loader.impl.launch.knot.KnotClassDelegate.tryLoadClass(KnotClassDelegate.java:336) ~[fabric-loader-0.18.2.jar:?]
	at net.fabricmc.loader.impl.launch.knot.KnotClassDelegate.loadClass(KnotClassDelegate.java:231) ~[fabric-loader-0.18.2.jar:?]
	at net.fabricmc.loader.impl.launch.knot.KnotClassLoader.loadClass(KnotClassLoader.java:119) ~[fabric-loader-0.18.2.jar:?]
	at java.lang.ClassLoader.loadClass(ClassLoader.java:525) ~[?:?]
	at net.minecraft.class_5620.method_32211(class_5620.java:39) ~[server-intermediary.jar:?]
	at net.minecraft.class_156.method_654(class_156.java:436) ~[server-intermediary.jar:?]
	at net.minecraft.class_5620.method_32206(class_5620.java:39) ~[server-intermediary.jar:?]
	at net.minecraft.class_5620.<clinit>(class_5620.java:33) ~[server-intermediary.jar:?]
	at net.minecraft.class_5546.<init>(class_5546.java:17) ~[server-intermediary.jar:?]
	at net.minecraft.class_2246.<clinit>(class_2246.java:477) ~[server-intermediary.jar:?]
	at net.minecraft.class_2358.method_10199(class_2358.java:326) ~[server-intermediary.jar:?]
	at net.minecraft.class_2966.method_12851(class_2966.java:54) ~[server-intermediary.jar:?]
	at net.minecraft.server.Main.main(Main.java:109) ~[server-intermediary.jar:?]
	at net.fabricmc.loader.impl.game.minecraft.MinecraftGameProvider.launch(MinecraftGameProvider.java:514) ~[fabric-loader-0.18.2.jar:?]
	at net.fabricmc.loader.impl.launch.knot.Knot.launch(Knot.java:72) ~[fabric-loader-0.18.2.jar:?]
	at net.fabricmc.loader.impl.launch.knot.KnotServer.main(KnotServer.java:23) ~[fabric-loader-0.18.2.jar:?]
	at net.fabricmc.loader.impl.launch.server.FabricServerLauncher.main(FabricServerLauncher.java:69) ~[fabric-loader-0.18.2.jar:?]
	at net.fabricmc.installer.ServerLauncher.main(ServerLauncher.java:69) ~[fabric-server-launch.jar:1.0.1]
[21:01:47] [main/INFO]: Registered azurelib config for auto-sync function
[21:01:47] [main/INFO]: Loaded config for: cupboard.json
[21:01:47] [main/INFO]: File exists, reading config for elocindev.deathknights.config.entries.enchants.DecayingEnchantConfig.
[21:01:47] [main/INFO]: Config for elocindev.deathknights.config.entries.enchants.DecayingEnchantConfig read successfully.
[21:01:47] [main/INFO]: File exists, reading config for elocindev.deathknights.config.entries.loot.JewelryLootConfig.
[21:01:47] [main/INFO]: Config for elocindev.deathknights.config.entries.loot.JewelryLootConfig read successfully.
[21:01:47] [main/INFO]: File exists, reading config for elocindev.deathknights.config.entries.spells.frost.ObliterateConfig.
[21:01:47] [main/INFO]: Config for elocindev.deathknights.config.entries.spells.frost.ObliterateConfig read successfully.
[21:01:47] [main/INFO]: File exists, reading config for elocindev.deathknights.config.entries.spells.frost.RemorselessWinterConfig.
[21:01:47] [main/INFO]: Config for elocindev.deathknights.config.entries.spells.frost.RemorselessWinterConfig read successfully.
[21:01:47] [main/INFO]: File exists, reading config for elocindev.deathknights.config.entries.spells.frost.BreathOfAgonyConfig.
[21:01:47] [main/INFO]: Config for elocindev.deathknights.config.entries.spells.frost.BreathOfAgonyConfig read successfully.
[21:01:47] [main/INFO]: File exists, reading config for elocindev.deathknights.config.entries.spells.unholy.PlaguesConfig.
[21:01:47] [main/INFO]: Config for elocindev.deathknights.config.entries.spells.unholy.PlaguesConfig read successfully.
[21:01:47] [main/INFO]: File exists, reading config for elocindev.deathknights.config.entries.spells.unholy.DeathCoilConfig.
[21:01:47] [main/INFO]: Config for elocindev.deathknights.config.entries.spells.unholy.DeathCoilConfig read successfully.
[21:01:47] [main/INFO]: File exists, reading config for elocindev.deathknights.config.entries.spells.unholy.EpidemicConfig.
[21:01:47] [main/INFO]: Config for elocindev.deathknights.config.entries.spells.unholy.EpidemicConfig read successfully.
[21:01:47] [main/INFO]: File exists, reading config for elocindev.deathknights.config.entries.spells.unholy.DeathGripConfig.
[21:01:47] [main/INFO]: Config for elocindev.deathknights.config.entries.spells.unholy.DeathGripConfig read successfully.
[21:01:47] [main/INFO]: File exists, reading config for elocindev.deathknights.config.entries.spells.blood.DeathStrikeConfig.
[21:01:47] [main/INFO]: Config for elocindev.deathknights.config.entries.spells.blood.DeathStrikeConfig read successfully.
[21:01:47] [main/INFO]: File exists, reading config for elocindev.deathknights.config.entries.spells.blood.MarrowrendConfig.
[21:01:47] [main/INFO]: Config for elocindev.deathknights.config.entries.spells.blood.MarrowrendConfig read successfully.
[21:01:47] [main/INFO]: File exists, reading config for elocindev.deathknights.config.entries.spells.blood.BloodBoilConfig.
[21:01:47] [main/INFO]: Config for elocindev.deathknights.config.entries.spells.blood.BloodBoilConfig read successfully.
[21:01:47] [main/INFO]: File exists, reading config for elocindev.deathknights.config.entries.spells.blood.BloodThirstConfig.
[21:01:47] [main/INFO]: Config for elocindev.deathknights.config.entries.spells.blood.BloodThirstConfig read successfully.
[21:01:47] [main/INFO]: Death Knights Config Loaded!
[21:01:48] [main/INFO]: Death Knights Initialized!
[21:01:48] [main/INFO]: Hello Fabric world!
[21:01:48] [main/INFO]: Registering C2S receiver with id magistuarmory:packet_long_reach_attack
[21:01:48] [main/INFO]: Registering C2S receiver with id magistuarmory:packet_lance_collision
[21:01:48] [main/INFO]: [STDOUT]: magistuarmory:minicrown
[21:01:48] [main/INFO]: [STDOUT]: magistuarmory:crown
[21:01:48] [main/INFO]: [STDOUT]: magistuarmory:flowercrown
[21:01:48] [main/INFO]: [STDOUT]: minecraft:default
[21:01:48] [main/INFO]: [STDOUT]: magistuarmory:armet
[21:01:48] [main/INFO]: [STDOUT]: magistuarmory:stechhelm
[21:01:48] [main/INFO]: [STDOUT]: minecraft:default
[21:01:48] [main/INFO]: [STDOUT]: magistuarmory:sallet
[21:01:48] [main/INFO]: [STDOUT]: minecraft:default
[21:01:48] [main/INFO]: [STDOUT]: magistuarmory:maximilian_helmet
[21:01:48] [main/INFO]: [STDOUT]: minecraft:default
[21:01:48] [main/INFO]: [STDOUT]: minecraft:default
[21:01:48] [main/INFO]: [STDOUT]: magistuarmory:kettlehat
[21:01:48] [main/INFO]: [STDOUT]: minecraft:default
[21:01:48] [main/INFO]: [STDOUT]: magistuarmory:barbute
[21:01:48] [main/INFO]: [STDOUT]: minecraft:default
[21:01:48] [main/INFO]: [STDOUT]: magistuarmory:crusader
[21:01:48] [main/INFO]: [STDOUT]: minecraft:default
[21:01:48] [main/INFO]: [STDOUT]: minecraft:default
[21:01:48] [main/INFO]: [STDOUT]: minecraft:default
[21:01:48] [main/INFO]: [STDOUT]: magistuarmory:armet
[21:01:48] [main/INFO]: [STDOUT]: minecraft:default
[21:01:48] [main/INFO]: [STDOUT]: magistuarmory:conic_helmet
[21:01:48] [main/INFO]: [STDOUT]: magistuarmory:conic_helmet
[21:01:48] [main/INFO]: [STDOUT]: magistuarmory:barbute
[21:01:48] [main/INFO]: [STDOUT]: minecraft:default
[21:01:48] [main/INFO]: [STDOUT]: minecraft:default
[21:01:48] [main/INFO]: [STDOUT]: magistuarmory:kettlehat
[21:01:48] [main/INFO]: [STDOUT]: magistuarmory:conic_helmet
[21:01:48] [main/INFO]: [STDOUT]: magistuarmory:crusader
[21:01:48] [main/INFO]: [STDOUT]: minecraft:default
[21:01:48] [main/INFO]: [STDOUT]: magistuarmory:bascinet
[21:01:48] [main/INFO]: [STDOUT]: minecraft:default
[21:01:48] [main/INFO]: [STDOUT]: magistuarmory:wingedhussarchestplate
[21:01:48] [main/INFO]: [STDOUT]: minecraft:default
[21:01:48] [main/INFO]: [STDOUT]: minecraft:default
[21:01:48] [main/INFO]: [STDOUT]: magistuarmory:grand_bascinet
[21:01:48] [main/INFO]: [STDOUT]: minecraft:default
[21:01:48] [main/INFO]: Necronomicon Initialized
[21:01:48] [main/INFO]: File exists, reading config for elocindev.necronomicon.NecronomiconConfig.
[21:01:48] [main/INFO]: Config for elocindev.necronomicon.NecronomiconConfig read successfully.
[21:01:48] [main/INFO]: recorded [1] registered keys!
[21:01:48] [main/INFO]: Maybe we take a page out of the Wisp Forest handbook: When in doubt, steal glisco's code
[21:01:48] [main/INFO]: Extraordinary solutions to extraordinary problems.
[21:01:48] [main/INFO]: Shield API initialized!
[21:01:48] [main/INFO]: Registering Items for simplyskills
[21:01:48] [main/INFO]: Registering Entities for simplyskills
[21:01:48] [main/INFO]: structureessentials mod initialized
[21:01:48] [main/INFO]: Registering common data for channel xaerolib:main!
[21:01:48] [main/INFO]: Loading primary common config for channel xaerolib:main!
[21:01:48] [main/INFO]: Loading server config profiles for channel xaerolib:main!
[21:01:48] [main/INFO]: Loading XaeroLib common 1/2!
[21:01:48] [main/INFO]: Loading XaeroLib server 1/2!
[21:01:48] [main/INFO]: Registering common data for channel xaerominimap:main!
[21:01:48] [main/INFO]: Loading primary common config for channel xaerominimap:main!
[21:01:48] [main/INFO]: Loading server config profiles for channel xaerominimap:main!
[21:01:48] [main/INFO]: Loading Xaero's Minimap - Stage 1/2 (Server)
[21:01:48] [main/INFO]: Registering common data for channel xaeroworldmap:main!
[21:01:48] [main/INFO]: Loading primary common config for channel xaeroworldmap:main!
[21:01:48] [main/INFO]: Loading server config profiles for channel xaeroworldmap:main!
[21:01:48] [main/INFO]: Loading Xaero's World Map - Stage 1/2 (Server)
[21:01:49] [main/INFO]: Environment: authHost='https://authserver.mojang.com', accountsHost='https://api.mojang.com', sessionHost='https://sessionserver.mojang.com', servicesHost='https://api.minecraftservices.com', name='PROD'
[21:01:49] [main/INFO]: Found new data pack fabric, loading it automatically
[21:01:52] [main/INFO]: Loaded 8 recipes
[21:01:52] [main/INFO]: Loaded 1320 advancements
[21:01:52] [main/INFO]: Applied 0 biome modifications to 0 of 163 new biomes in 5.151 ms
[21:01:52] [Server thread/INFO]: [puffish_skills] Mod configuration loaded successfully!
[21:01:53] [Server thread/WARN]: [puffish_skills] Data pack `simplyskills` loaded successfully with warning(s):
Data pack `simplyskills` uses outdated version. Please update the configuration version to 3 at `version` at `simplyskills:puffish_skills/config.json`
[21:01:53] [Server thread/INFO]: [STDOUT]: Encoded SpellRegistry size (with package overhead): 342779 bytes (in 35 string chunks with the size of 10000)
[21:01:53] [Server thread/INFO]: Loading XaeroLib common 2/2!
[21:01:53] [Server thread/INFO]: Loading XaeroLib server 2/2!
[21:01:53] [Server thread/INFO]: Starting minecraft server version 1.20.1
[21:01:53] [Server thread/INFO]: Loading properties
[21:01:53] [Server thread/INFO]: Default game type: SURVIVAL
[21:01:53] [Server thread/INFO]: Generating keypair
[21:01:53] [Server thread/INFO]: Starting Minecraft server on *:25565
[21:01:53] [Server thread/INFO]: Using epoll channel type
[21:01:53] [Server thread/WARN]: **** SERVER IS RUNNING IN OFFLINE/INSECURE MODE!
[21:01:53] [Server thread/WARN]: The server will make no attempt to authenticate usernames. Beware.
[21:01:53] [Server thread/WARN]: While this makes the game possible to play without internet access, it also opens up the ability for hackers to connect with any username they choose.
[21:01:53] [Server thread/WARN]: To change this, set "online-mode" to "true" in the server.properties file.
[21:01:53] [Server thread/INFO]: Preparing level "world"
[21:02:01] [Server thread/WARN]: Non-unique structure_set salt:0 potentially creating overlapping structures detected. Structure sets: [minecraft:mineshafts, minecraft:strongholds, minecraft:buried_treasures]
[21:02:01] [Server thread/WARN]: Non-unique structure_set salt:783 potentially creating overlapping structures detected. Structure sets: [nova_structures:taverns, nova_structures:badlands_miner_outpost]
[21:02:01] [Server thread/WARN]: Non-unique structure_set salt:10387313 potentially creating overlapping structures detected. Structure sets: [minecraft:ocean_monuments, minecraft:end_cities]
[21:02:01] [Server thread/WARN]: Non-unique structure_set salt:10387312 potentially creating overlapping structures detected. Structure sets: [minecraft:villages, nova_structures:villages_jungle, nova_structures:villages_swamp]
[21:02:01] [Server thread/WARN]: Non-unique structure_set salt:2358902 potentially creating overlapping structures detected. Structure sets: [terralith:mage, terralith:regular]
[21:02:01] [Server thread/WARN]: Non-unique structure_set salt:4533232 potentially creating overlapping structures detected. Structure sets: [nova_structures:illager_camp, nova_structures:nether_camps]
[21:02:01] [Server thread/WARN]: Non-unique structure_set salt:239021 potentially creating overlapping structures detected. Structure sets: [nova_structures:desert_ruins, nova_structures:jungle_ruins]
[21:02:01] [Server thread/INFO]: Preparing start region for dimension minecraft:overworld
[21:02:02] [Worker-Main-3/INFO]: Preparing spawn area: 0%
[21:02:02] [Worker-Main-3/INFO]: Preparing spawn area: 0%
[21:02:02] [Worker-Main-3/INFO]: Preparing spawn area: 0%
[21:02:03] [Worker-Main-1/INFO]: Preparing spawn area: 0%
[21:02:03] [Worker-Main-2/INFO]: Preparing spawn area: 0%
[21:02:04] [Worker-Main-1/INFO]: Preparing spawn area: 1%
[21:02:04] [Worker-Main-3/INFO]: Preparing spawn area: 1%
[21:02:05] [Worker-Main-2/INFO]: Preparing spawn area: 2%
[21:02:05] [Worker-Main-3/INFO]: Preparing spawn area: 2%
[21:02:05] [Worker-Main-1/INFO]: Preparing spawn area: 3%
[21:02:06] [Worker-Main-3/INFO]: Preparing spawn area: 4%
[21:02:07] [Worker-Main-1/INFO]: Preparing spawn area: 4%
[21:02:07] [Worker-Main-1/INFO]: Preparing spawn area: 4%
[21:02:08] [Worker-Main-1/INFO]: Preparing spawn area: 6%
[21:02:08] [Worker-Main-2/INFO]: Preparing spawn area: 7%
[21:02:09] [Worker-Main-3/INFO]: Preparing spawn area: 8%
[21:02:09] [Worker-Main-3/INFO]: Preparing spawn area: 9%
[21:02:10] [Worker-Main-1/INFO]: Preparing spawn area: 9%
[21:02:10] [Worker-Main-1/INFO]: Preparing spawn area: 10%
[21:02:11] [Worker-Main-3/INFO]: Preparing spawn area: 12%
[21:02:11] [Worker-Main-2/INFO]: Preparing spawn area: 14%
[21:02:12] [Worker-Main-3/INFO]: Preparing spawn area: 15%
[21:02:12] [Worker-Main-2/INFO]: Preparing spawn area: 16%
[21:02:13] [Worker-Main-2/INFO]: Preparing spawn area: 18%
[21:02:13] [Worker-Main-1/INFO]: Preparing spawn area: 20%
[21:02:13] [Worker-Main-3/INFO]: Preparing spawn area: 21%
[21:02:14] [Worker-Main-1/INFO]: Preparing spawn area: 22%
[21:02:14] [Worker-Main-1/INFO]: Preparing spawn area: 23%
[21:02:15] [Worker-Main-1/INFO]: Preparing spawn area: 25%
[21:02:16] [Worker-Main-2/INFO]: Preparing spawn area: 27%
[21:02:16] [Worker-Main-3/INFO]: Preparing spawn area: 29%
[21:02:17] [Worker-Main-3/INFO]: Preparing spawn area: 30%
[21:02:17] [Worker-Main-3/INFO]: Preparing spawn area: 32%
[21:02:18] [Worker-Main-2/INFO]: Preparing spawn area: 33%
[21:02:18] [Worker-Main-1/INFO]: Preparing spawn area: 34%
[21:02:18] [Worker-Main-3/INFO]: Preparing spawn area: 36%
[21:02:19] [Worker-Main-3/INFO]: Preparing spawn area: 37%
[21:02:19] [Worker-Main-1/INFO]: Preparing spawn area: 40%
[21:02:20] [Worker-Main-3/INFO]: Preparing spawn area: 42%
[21:02:20] [Worker-Main-3/INFO]: Preparing spawn area: 43%
[21:02:21] [Worker-Main-3/INFO]: Preparing spawn area: 45%
[21:02:22] [Worker-Main-2/INFO]: Preparing spawn area: 47%
[21:02:22] [Worker-Main-1/INFO]: Preparing spawn area: 48%
[21:02:23] [Worker-Main-2/INFO]: Preparing spawn area: 51%
[21:02:23] [Worker-Main-1/INFO]: Preparing spawn area: 53%
[21:02:24] [Worker-Main-2/INFO]: Preparing spawn area: 55%
[21:02:24] [Worker-Main-1/INFO]: Preparing spawn area: 56%
[21:02:25] [Worker-Main-3/INFO]: Preparing spawn area: 58%
[21:02:25] [Worker-Main-2/INFO]: Preparing spawn area: 59%
[21:02:25] [Worker-Main-3/INFO]: Preparing spawn area: 62%
[21:02:26] [Worker-Main-1/INFO]: Preparing spawn area: 64%
[21:02:26] [Worker-Main-2/INFO]: Preparing spawn area: 66%
[21:02:27] [Worker-Main-3/INFO]: Preparing spawn area: 68%
[21:02:27] [Worker-Main-3/INFO]: Preparing spawn area: 69%
[21:02:28] [Worker-Main-2/INFO]: Preparing spawn area: 71%
[21:02:28] [Worker-Main-2/INFO]: Preparing spawn area: 73%
[21:02:29] [Worker-Main-3/INFO]: Preparing spawn area: 75%
[21:02:29] [Worker-Main-3/INFO]: Preparing spawn area: 77%
[21:02:30] [Worker-Main-2/INFO]: Preparing spawn area: 79%
[21:02:30] [Worker-Main-2/INFO]: Preparing spawn area: 82%
[21:02:31] [Worker-Main-1/INFO]: Preparing spawn area: 84%
[21:02:32] [Worker-Main-1/INFO]: Preparing spawn area: 85%
[21:02:32] [Worker-Main-1/INFO]: Preparing spawn area: 87%
[21:02:32] [Worker-Main-2/INFO]: Preparing spawn area: 89%
[21:02:33] [Worker-Main-2/INFO]: Preparing spawn area: 91%
[21:02:34] [Worker-Main-3/INFO]: Preparing spawn area: 93%
[21:02:34] [Worker-Main-3/INFO]: Preparing spawn area: 96%
[21:02:35] [Worker-Main-3/INFO]: Preparing spawn area: 98%
[21:02:35] [Server thread/INFO]: Time elapsed: 33770 ms
[21:02:35] [Server thread/INFO]: Done (41.557s)! For help, type "help"
[21:02:35] [Server thread/INFO]: Updated manager with 22 entries & 1 entity-types. :: update flag [#0]
[21:02:35] [Server thread/INFO]: Start loading plugin from Jade
[21:02:35] [Server thread/INFO]: Start loading plugin from Jade
[21:02:35] [Server thread/INFO]: Start loading plugin from Jade
[21:02:35] [Server thread/INFO]: Loading Xaero's Minimap - Stage 2/2 (Server)
[21:02:35] [Server thread/INFO]: Loading Xaero's World Map - Stage 2/2 (Server)
[21:39:16] [Server thread/INFO]: [Handshake] Sending channel query
[21:39:16] [Netty Epoll Server IO #2/INFO]: [Handshake] Receiving client channels
[21:39:16] [Netty Epoll Server IO #2/INFO]: [Handshake] Handshake completed successfully
[21:39:16] [Server thread/INFO]: Pablo0082[/100.116.228.56:60490] logged in with entity id 115 at (3.5, 63.0, 7.5)
[21:39:16] [Server thread/INFO]: Sending server config values to client
[21:39:16] [Server thread/INFO]: Syncing config to Pablo0082 (94a8639e-4143-3cf3-83a1-4e34d53ac82f)
[21:39:16] [Netty Epoll Server IO #2/INFO]: Receiving client config
[21:39:16] [Server thread/INFO]: Pablo0082 joined the game
[21:44:36] [Server thread/INFO]: Pablo0082 was slain by Spider
[21:47:26] [Server thread/INFO]: Pablo0082 lost connection: Disconnected
[21:47:26] [Server thread/INFO]: Pablo0082 left the game
[21:49:01] [Server thread/INFO]: [Handshake] Sending channel query
[21:49:01] [Netty Epoll Server IO #5/INFO]: [Handshake] Receiving client channels
[21:49:01] [Netty Epoll Server IO #5/INFO]: [Handshake] Handshake completed successfully
[21:49:01] [Server thread/INFO]: Pablo0082[/100.116.228.56:62405] logged in with entity id 2360 at (-47.890000364090305, 64.25, -20.14618103940911)
[21:49:01] [Server thread/INFO]: Sending server config values to client
[21:49:01] [Server thread/INFO]: Syncing config to Pablo0082 (94a8639e-4143-3cf3-83a1-4e34d53ac82f)
[21:49:02] [Server thread/INFO]: Pablo0082 joined the game
[21:49:02] [Netty Epoll Server IO #5/INFO]: Receiving client config
[21:51:01] [Server thread/INFO]: Pablo0082 lost connection: Disconnected
[21:51:01] [Server thread/INFO]: Pablo0082 left the game
[21:51:19] [Server thread/INFO]: [Handshake] Sending channel query
[21:51:19] [Netty Epoll Server IO #7/INFO]: [Handshake] Receiving client channels
[21:51:19] [Netty Epoll Server IO #7/INFO]: [Handshake] Handshake completed successfully
[21:51:19] [Server thread/INFO]: Pablo0082[/100.116.228.56:64824] logged in with entity id 2702 at (-5.904135348583362, 63.0, -84.09255280504597)
[21:51:19] [Server thread/INFO]: Sending server config values to client
[21:51:19] [Server thread/INFO]: Syncing config to Pablo0082 (94a8639e-4143-3cf3-83a1-4e34d53ac82f)
[21:51:19] [Server thread/INFO]: Pablo0082 joined the game
[21:51:19] [Netty Epoll Server IO #7/INFO]: Receiving client config
[21:51:26] [Server thread/INFO]: [Handshake] Sending channel query
[21:51:26] [Netty Epoll Server IO #1/INFO]: [Handshake] Receiving client channels
[21:51:26] [Netty Epoll Server IO #1/INFO]: [Handshake] Handshake completed successfully
[21:51:26] [Server thread/INFO]: baljeet[/100.110.216.55:58879] logged in with entity id 2758 at (-5.5, 63.0, -0.5)
[21:51:26] [Server thread/INFO]: Sending server config values to client
[21:51:26] [Server thread/INFO]: Syncing config to baljeet (222aa2ee-6b70-3d0a-9dae-67ef81c62281)
[21:51:26] [Server thread/INFO]: baljeet joined the game
[21:51:26] [Netty Epoll Server IO #1/INFO]: Receiving client config
[21:51:27] [Server thread/INFO]: baljeet lost connection: Disconnected
[21:51:27] [Server thread/INFO]: baljeet left the game
[21:53:48] [Server thread/INFO]: [Handshake] Sending channel query
[21:53:48] [Netty Epoll Server IO #3/INFO]: [Handshake] Receiving client channels
[21:53:48] [Netty Epoll Server IO #3/INFO]: [Handshake] Handshake completed successfully
[21:53:49] [Server thread/INFO]: baljeet[/100.110.216.55:50649] logged in with entity id 3040 at (-5.5, 63.0, -0.5)
[21:53:49] [Server thread/INFO]: Sending server config values to client
[21:53:49] [Server thread/INFO]: Syncing config to baljeet (222aa2ee-6b70-3d0a-9dae-67ef81c62281)
[21:53:49] [Server thread/INFO]: baljeet joined the game
[21:53:49] [Netty Epoll Server IO #3/INFO]: Receiving client config
[21:54:42] [Server thread/INFO]: baljeet lost connection: Disconnected
[21:54:42] [Server thread/INFO]: baljeet left the game
[21:55:03] [Server thread/INFO]: [Handshake] Sending channel query
[21:55:04] [Netty Epoll Server IO #5/INFO]: [Handshake] Receiving client channels
[21:55:04] [Netty Epoll Server IO #5/INFO]: [Handshake] Handshake completed successfully
[21:55:04] [Server thread/INFO]: baljeet[/100.110.216.55:50122] logged in with entity id 3334 at (-48.16919767686896, 63.75, 4.154633926159356)
[21:55:04] [Server thread/INFO]: Sending server config values to client
[21:55:04] [Server thread/INFO]: Syncing config to baljeet (222aa2ee-6b70-3d0a-9dae-67ef81c62281)
[21:55:04] [Server thread/INFO]: baljeet joined the game
[21:55:04] [Netty Epoll Server IO #5/INFO]: Receiving client config
[21:55:23] [Server thread/INFO]: baljeet was blown up by Creeper
[21:55:51] [Server thread/INFO]: baljeet has made the advancement [Stone Age]
[21:56:11] [Server thread/INFO]: Pablo0082 was slain by Spider
[21:58:55] [Server thread/INFO]: baljeet was slain by Spider
[21:59:23] [Server thread/INFO]: Pablo0082 was slain by baljeet
[22:01:29] [Server thread/INFO]: baljeet was slain by Spider
[22:01:54] [Server thread/INFO]: Pablo0082 was shot by Skeleton
[22:02:28] [Server thread/INFO]: baljeet was blown up by Creeper
[22:08:44] [Server thread/WARN]: Mismatch in destroy block pos: class_2338{x=-311, y=51, z=181} class_2338{x=-310, y=50, z=182}
[22:08:55] [Server thread/WARN]: Mismatch in destroy block pos: class_2338{x=-281, y=49, z=181} class_2338{x=-282, y=47, z=181}
[22:13:42] [Server thread/INFO]: Pablo0082 fell from a high place
[22:13:50] [Server thread/INFO]: baljeet was blown up by Creeper
[22:14:43] [Server thread/INFO]: Pablo0082 was slain by Spider
[22:17:29] [Server thread/INFO]: baljeet was shot by Skeleton
[22:19:17] [Server thread/INFO]: baljeet was slain by Zombie
[22:20:12] [Server thread/INFO]: Pablo0082 drowned whilst trying to escape Drowned
[22:20:38] [Server thread/INFO]: baljeet was blown up by Creeper
[22:22:06] [Server thread/INFO]: Pablo0082 drowned whilst trying to escape Drowned
[22:22:41] [Server thread/INFO]: baljeet was shot by Skeleton
[22:24:45] [Server thread/INFO]: Pablo0082 was impaled by Drowned
[22:25:27] [Server thread/INFO]: Pablo0082 drowned
[22:28:02] [Server thread/INFO]: Pablo0082 has made the advancement [Fishy Business]
[22:31:55] [Server thread/WARN]: Mismatch in destroy block pos: class_2338{x=440, y=67, z=69} class_2338{x=439, y=66, z=68}
[22:31:55] [Server thread/WARN]: Mismatch in destroy block pos: class_2338{x=440, y=67, z=70} class_2338{x=440, y=66, z=69}
[22:32:17] [Server thread/INFO]: baljeet has made the advancement [Best Friends Forever]
[22:34:34] [Server thread/INFO]: baljeet has made the advancement [Monster Hunter]
[22:35:20] [Server thread/INFO]: Pablo0082 has made the advancement [Stone Age]
[22:38:21] [Server thread/INFO]: Pablo0082 has made the advancement [Getting an Upgrade]
[22:41:09] [Server thread/INFO]: baljeet was slain by Zombie
[22:41:43] [Server thread/INFO]: [Pablo0082: Teleported baljeet to Pablo0082]
[22:42:15] [Server thread/INFO]: Pablo0082 was slain by Zombie
[22:42:24] [Server thread/INFO]: [Pablo0082: Teleported Pablo0082 to baljeet]
[22:44:13] [Server thread/INFO]: Pablo0082 has made the advancement [Monster Hunter]
[22:48:14] [Server thread/INFO]: [Pablo0082: Teleported baljeet to Pablo0082]
[22:51:03] [Server thread/INFO]: baljeet has made the advancement [Getting an Upgrade]
[22:51:35] [Server thread/INFO]: Pablo0082 lost connection: Disconnected
[22:51:35] [Server thread/INFO]: Pablo0082 left the game
[22:54:26] [Server thread/INFO]: baljeet was slain by Spider
[23:00:27] [Server thread/INFO]: baljeet was slain by Spider
[23:02:54] [Server thread/INFO]: [Handshake] Sending channel query
[23:02:54] [Netty Epoll Server IO #7/INFO]: [Handshake] Receiving client channels
[23:02:54] [Netty Epoll Server IO #7/INFO]: [Handshake] Handshake completed successfully
[23:02:54] [Server thread/INFO]: Pablo0082[/100.116.228.56:54639] logged in with entity id 34240 at (438.30000001192093, 45.0, 35.12128798641516)
[23:02:54] [Server thread/INFO]: Sending server config values to client
[23:02:54] [Server thread/INFO]: Syncing config to Pablo0082 (94a8639e-4143-3cf3-83a1-4e34d53ac82f)
[23:02:54] [Server thread/INFO]: Pablo0082 joined the game
[23:02:55] [Netty Epoll Server IO #7/INFO]: Receiving client config
[23:03:58] [Server thread/INFO]: [Pablo0082: Teleported baljeet to Pablo0082]
[23:08:54] [Server thread/INFO]: Pablo0082 has made the advancement [Acquire Hardware]
[23:10:08] [Server thread/INFO]: Pablo0082 has made the advancement [Suit Up]
[23:10:18] [Server thread/INFO]: Pablo0082 has made the advancement [Isn't It Iron Pick]
[23:11:07] [Server thread/INFO]: Pablo0082 has made the advancement [Diamonds!]
[23:12:44] [Worker-Main-45/ERROR]: Hanging entity at invalid position: class_2338{x=-4, y=-56, z=103}
[23:12:44] [Worker-Main-45/ERROR]: Hanging entity at invalid position: class_2338{x=2, y=-56, z=104}
[23:12:44] [Worker-Main-45/ERROR]: Hanging entity at invalid position: class_2338{x=2, y=-57, z=104}
[23:12:44] [Worker-Main-45/ERROR]: Hanging entity at invalid position: class_2338{x=1, y=-57, z=105}
